#
# There is insufficient memory for the Java Runtime Environment to continue.
# Native memory allocation (malloc) failed to allocate 1033776 bytes for Chunk::new
# Possible reasons:
#   The system is out of physical RAM or swap space
#   In 32 bit mode, the process size limit was hit
# Possible solutions:
#   Reduce memory load on the system
#   Increase physical memory or swap space
#   Check if swap backing store is full
#   Use 64 bit Java on a 64 bit OS
#   Decrease Java heap size (-Xmx/-Xms)
#   Decrease number of Java threads
#   Decrease Java thread stack sizes (-Xss)
#   Set larger code cache with -XX:ReservedCodeCacheSize=
# This output file may be truncated or incomplete.
#
#  Out of Memory Error (allocation.cpp:390), pid=9240, tid=0x00000000000039dc
#
# JRE version: OpenJDK Runtime Environment (8.0_152-b02) (build 1.8.0_152-release-1024-b02)
# Java VM: OpenJDK 64-Bit Server VM (25.152-b02 mixed mode windows-amd64 compressed oops)
# Failed to write core dump. Minidumps are not enabled by default on client versions of Windows
#

---------------  T H R E A D  ---------------

Current thread (0x00000000163d3800):  JavaThread "C2 CompilerThread1" daemon [_thread_in_native, id=14812, stack(0x0000000017b30000,0x0000000017c30000)]

Stack: [0x0000000017b30000,0x0000000017c30000]
[error occurred during error reporting (printing stack bounds), id 0xc0000005]

Native frames: (J=compiled Java code, j=interpreted, Vv=VM code, C=native code)


Current CompileTask:
C2:5897275 31552       4       com.android.tools.r8.dex.DexParser::parseCodeItem (484 bytes)


---------------  P R O C E S S  ---------------

Java Threads: ( => current thread )
  0x000000001fef1000 JavaThread "ForkJoinPool-32-worker-0" daemon [_thread_in_Java, id=11544, stack(0x0000000032ae0000,0x0000000032be0000)]
  0x000000001fef8000 JavaThread "ForkJoinPool-32-worker-3" daemon [_thread_in_Java, id=5592, stack(0x00000000329e0000,0x0000000032ae0000)]
  0x000000001fef6800 JavaThread "ForkJoinPool-32-worker-2" daemon [_thread_blocked, id=15448, stack(0x0000000031f90000,0x0000000032090000)]
  0x000000001feef000 JavaThread "ForkJoinPool-32-worker-1" daemon [_thread_blocked, id=14608, stack(0x0000000031e90000,0x0000000031f90000)]
  0x000000001fef2000 JavaThread "ForkJoinPool-31-worker-0" daemon [_thread_blocked, id=5320, stack(0x0000000030dc0000,0x0000000030ec0000)]
  0x000000001fef5000 JavaThread "ForkJoinPool-31-worker-3" daemon [_thread_blocked, id=16376, stack(0x0000000030cc0000,0x0000000030dc0000)]
  0x000000001fef4800 JavaThread "ForkJoinPool-31-worker-2" daemon [_thread_blocked, id=7556, stack(0x0000000030bc0000,0x0000000030cc0000)]
  0x000000001fef3800 JavaThread "ForkJoinPool-31-worker-1" daemon [_thread_blocked, id=2660, stack(0x0000000030ac0000,0x0000000030bc0000)]
  0x000000001c91a800 JavaThread "Cache worker for Java compile cache (C:\Users\USER\AndroidStudioProjects\RedditDose\.gradle\4.6\javaCompile)" [_thread_blocked, id=1772, stack(0x000000002f5f0000,0x000000002f6f0000)]
  0x000000001c921800 JavaThread "stdout" daemon [_thread_in_native, id=14448, stack(0x000000002f4f0000,0x000000002f5f0000)]
  0x000000001c91d000 JavaThread "stderr" daemon [_thread_in_native, id=1580, stack(0x000000002f3f0000,0x000000002f4f0000)]
  0x000000001c91e000 JavaThread "stdout" daemon [_thread_in_native, id=15752, stack(0x000000002f2f0000,0x000000002f3f0000)]
  0x000000001c921000 JavaThread "stderr" daemon [_thread_in_native, id=1744, stack(0x000000002f1f0000,0x000000002f2f0000)]
  0x000000001c91f800 JavaThread "stdout" daemon [_thread_in_native, id=15780, stack(0x000000002f0f0000,0x000000002f1f0000)]
  0x000000001c91e800 JavaThread "stderr" daemon [_thread_in_native, id=16192, stack(0x000000002eff0000,0x000000002f0f0000)]
  0x000000001c916000 JavaThread "pool-17-thread-1" [_thread_blocked, id=15952, stack(0x000000002eef0000,0x000000002eff0000)]
  0x000000001edc1000 JavaThread "Task worker for ':' Thread 3" [_thread_blocked, id=14012, stack(0x000000002eaf0000,0x000000002ebf0000)]
  0x000000001edbf800 JavaThread "Task worker for ':' Thread 2" [_thread_blocked, id=628, stack(0x000000002e9f0000,0x000000002eaf0000)]
  0x000000001edbf000 JavaThread "Task worker for ':'" [_thread_blocked, id=16076, stack(0x000000002e8f0000,0x000000002e9f0000)]
  0x000000001edc2000 JavaThread "Cache worker for Build Output Cleanup Cache (C:\Users\USER\AndroidStudioProjects\RedditDose\.gradle\buildOutputCleanup)" [_thread_blocked, id=3196, stack(0x000000002e7f0000,0x000000002e8f0000)]
  0x000000001edbe000 JavaThread "Cache worker for task history cache (C:\Users\USER\AndroidStudioProjects\RedditDose\.gradle\4.6\taskHistory)" [_thread_blocked, id=232, stack(0x000000002e6f0000,0x000000002e7f0000)]
  0x000000001edc0800 JavaThread "Cache worker for file content cache (C:\Users\USER\AndroidStudioProjects\RedditDose\.gradle\4.6\fileContent)" [_thread_blocked, id=14196, stack(0x000000002e5f0000,0x000000002e6f0000)]
  0x000000001edb6800 JavaThread "Build operations Thread 4" [_thread_blocked, id=1456, stack(0x000000002e4f0000,0x000000002e5f0000)]
  0x000000001edb6000 JavaThread "Build operations Thread 3" [_thread_blocked, id=10264, stack(0x000000002e3f0000,0x000000002e4f0000)]
  0x000000001edbc800 JavaThread "Build operations Thread 2" [_thread_blocked, id=5884, stack(0x000000002e2f0000,0x000000002e3f0000)]
  0x000000001edb7800 JavaThread "Build operations" [_thread_blocked, id=14344, stack(0x000000002e1f0000,0x000000002e2f0000)]
  0x000000001edbc000 JavaThread "Cache worker for Artifact transforms cache (C:\Users\USER\.gradle\caches\transforms-1)" [_thread_blocked, id=10768, stack(0x000000002e0f0000,0x000000002e1f0000)]
  0x000000001edbb000 JavaThread "Cache worker for file hash cache (C:\Users\USER\AndroidStudioProjects\RedditDose\.gradle\4.6\fileHashes)" [_thread_blocked, id=8708, stack(0x000000002dff0000,0x000000002e0f0000)]
  0x000000001edb5000 JavaThread "Asynchronous log dispatcher for DefaultDaemonConnection: socket connection from /127.0.0.1:58863 to /127.0.0.1:59912" [_thread_blocked, id=10176, stack(0x000000002ddf0000,0x000000002def0000)]
  0x000000001edba800 JavaThread "Daemon worker Thread 5" [_thread_blocked, id=15684, stack(0x000000002dcf0000,0x000000002ddf0000)]
  0x000000001edb3000 JavaThread "Cancel handler" [_thread_blocked, id=236, stack(0x000000002dbf0000,0x000000002dcf0000)]
  0x000000001edb3800 JavaThread "Handler for socket connection from /127.0.0.1:58863 to /127.0.0.1:59912" [_thread_in_native, id=8960, stack(0x000000002daf0000,0x000000002dbf0000)]
  0x000000001edb4800 JavaThread "Daemon Thread 5" [_thread_blocked, id=9756, stack(0x000000002d9f0000,0x000000002daf0000)]
  0x000000001c91b800 JavaThread "pool-10-thread-1" [_thread_blocked, id=4640, stack(0x000000002a4f0000,0x000000002a5f0000)]
  0x000000001affe800 JavaThread "Memory manager" [_thread_blocked, id=5916, stack(0x0000000021d90000,0x0000000021e90000)]
  0x000000001affd000 JavaThread "pool-1-thread-1" [_thread_blocked, id=7624, stack(0x0000000021a90000,0x0000000021b90000)]
  0x00000000194d9800 JavaThread "File lock request listener" [_thread_in_native, id=9540, stack(0x000000001aeb0000,0x000000001afb0000)]
  0x00000000196d2800 JavaThread "Cache worker for file hash cache (C:\Users\USER\.gradle\caches\4.6\fileHashes)" [_thread_blocked, id=6592, stack(0x000000001adb0000,0x000000001aeb0000)]
  0x00000000193a7800 JavaThread "Daemon periodic checks" [_thread_blocked, id=15252, stack(0x000000001a2b0000,0x000000001a3b0000)]
  0x000000001915c000 JavaThread "Incoming local TCP Connector on port 58863" [_thread_in_native, id=13748, stack(0x000000001a060000,0x000000001a160000)]
  0x0000000017d58800 JavaThread "Service Thread" daemon [_thread_blocked, id=3384, stack(0x0000000018130000,0x0000000018230000)]
  0x00000000163e3800 JavaThread "C1 CompilerThread2" daemon [_thread_blocked, id=2096, stack(0x0000000017c30000,0x0000000017d30000)]
=>0x00000000163d3800 JavaThread "C2 CompilerThread1" daemon [_thread_in_native, id=14812, stack(0x0000000017b30000,0x0000000017c30000)]
  0x00000000163d0800 JavaThread "C2 CompilerThread0" daemon [_thread_in_native, id=5496, stack(0x0000000017a30000,0x0000000017b30000)]
  0x00000000163cf000 JavaThread "Attach Listener" daemon [_thread_blocked, id=2520, stack(0x0000000017930000,0x0000000017a30000)]
  0x00000000163ce000 JavaThread "Signal Dispatcher" daemon [_thread_blocked, id=13000, stack(0x0000000017830000,0x0000000017930000)]
  0x00000000163b8800 JavaThread "Finalizer" daemon [_thread_blocked, id=4288, stack(0x0000000017620000,0x0000000017720000)]
  0x0000000002a33000 JavaThread "Reference Handler" daemon [_thread_blocked, id=9836, stack(0x0000000017520000,0x0000000017620000)]
  0x0000000000ade800 JavaThread "main" [_thread_blocked, id=10060, stack(0x00000000027f0000,0x00000000028f0000)]

Other Threads:
  0x0000000016396000 VMThread [stack: 0x0000000017420000,0x0000000017520000] [id=4792]
  0x0000000017d5b000 WatcherThread [stack: 0x0000000018230000,0x0000000018330000] [id=3848]

VM state:not at safepoint (normal execution)

VM Mutex/Monitor currently owned by a thread: None

Heap:
 PSYoungGen      total 469504K, used 274805K [0x00000000e0000000, 0x0000000100000000, 0x0000000100000000)
  eden space 421888K, 53% used [0x00000000e0000000,0x00000000edde39a8,0x00000000f9c00000)
  from space 47616K, 99% used [0x00000000f9c00000,0x00000000fca79ab8,0x00000000fca80000)
  to   space 54784K, 0% used [0x00000000fca80000,0x00000000fca80000,0x0000000100000000)
 ParOldGen       total 295424K, used 234000K [0x00000000a0000000, 0x00000000b2080000, 0x00000000e0000000)
  object space 295424K, 79% used [0x00000000a0000000,0x00000000ae4842b0,0x00000000b2080000)
 Metaspace       used 123541K, capacity 128144K, committed 130636K, reserved 1163264K
  class space    used 15088K, capacity 16114K, committed 16768K, reserved 1048576K

Card table byte_map: [0x0000000011e00000,0x0000000012110000] byte_map_base: 0x0000000011900000

Marking Bits: (ParMarkBitMap*) 0x0000000063734970
 Begin Bits: [0x0000000012710000, 0x0000000013f10000)
 End Bits:   [0x0000000013f10000, 0x0000000015710000)

Polling page: 0x00000000028f0000

CodeCache: size=245760Kb used=89978Kb max_used=90912Kb free=155781Kb
 bounds [0x0000000002a40000, 0x0000000008390000, 0x0000000011a40000]
 total_blobs=25471 nmethods=24571 adapters=810
 compilation: enabled

Compilation events (10 events):
Event: 5895.094 Thread 0x00000000163e3800 31653       3       com.android.tools.r8.code.FillArrayDataPayload::write (53 bytes)
Event: 5895.095 Thread 0x00000000163e3800 nmethod 31653 0x00000000066d0350 code [0x00000000066d0540, 0x00000000066d0fc8]
Event: 5895.098 Thread 0x00000000163e3800 31654 %     3       java.util.Arrays::hashCode @ 16 (44 bytes)
Event: 5895.099 Thread 0x00000000163e3800 nmethod 31654% 0x0000000005c44c50 code [0x0000000005c44dc0, 0x0000000005c45070]
Event: 5895.102 Thread 0x00000000163e3800 31655       2       com.android.tools.r8.code.AndLong2Addr::<init> (7 bytes)
Event: 5895.103 Thread 0x00000000163e3800 nmethod 31655 0x00000000040b28d0 code [0x00000000040b2a20, 0x00000000040b2bd0]
Event: 5895.105 Thread 0x00000000163e3800 31656       2       com.android.tools.r8.code.UshrIntLit8::<init> (7 bytes)
Event: 5895.106 Thread 0x00000000163e3800 nmethod 31656 0x00000000068a3110 code [0x00000000068a3280, 0x00000000068a3518]
Event: 5895.109 Thread 0x00000000163e3800 31657       2       com.android.tools.r8.code.UshrInt2Addr::<init> (7 bytes)
Event: 5895.110 Thread 0x00000000163e3800 nmethod 31657 0x0000000006a27550 code [0x0000000006a276a0, 0x0000000006a27850]

GC Heap History (10 events):
Event: 5874.384 GC heap before
{Heap before GC invocations=44 (full 5):
 PSYoungGen      total 459776K, used 407451K [0x00000000e0000000, 0x00000000ff800000, 0x0000000100000000)
  eden space 400896K, 100% used [0x00000000e0000000,0x00000000f8780000,0x00000000f8780000)
  from space 58880K, 11% used [0x00000000fbe80000,0x00000000fc4e6d10,0x00000000ff800000)
  to   space 56320K, 0% used [0x00000000f8780000,0x00000000f8780000,0x00000000fbe80000)
 ParOldGen       total 295424K, used 158815K [0x00000000a0000000, 0x00000000b2080000, 0x00000000e0000000)
  object space 295424K, 53% used [0x00000000a0000000,0x00000000a9b17db0,0x00000000b2080000)
 Metaspace       used 122553K, capacity 127008K, committed 130124K, reserved 1163264K
  class space    used 15013K, capacity 15980K, committed 16768K, reserved 1048576K
Event: 5874.398 GC heap after
Heap after GC invocations=44 (full 5):
 PSYoungGen      total 457216K, used 4425K [0x00000000e0000000, 0x00000000ff980000, 0x0000000100000000)
  eden space 400896K, 0% used [0x00000000e0000000,0x00000000e0000000,0x00000000f8780000)
  from space 56320K, 7% used [0x00000000f8780000,0x00000000f8bd26f8,0x00000000fbe80000)
  to   space 54272K, 0% used [0x00000000fc480000,0x00000000fc480000,0x00000000ff980000)
 ParOldGen       total 295424K, used 162845K [0x00000000a0000000, 0x00000000b2080000, 0x00000000e0000000)
  object space 295424K, 55% used [0x00000000a0000000,0x00000000a9f076b8,0x00000000b2080000)
 Metaspace       used 122553K, capacity 127008K, committed 130124K, reserved 1163264K
  class space    used 15013K, capacity 15980K, committed 16768K, reserved 1048576K
}
Event: 5876.714 GC heap before
{Heap before GC invocations=45 (full 5):
 PSYoungGen      total 457216K, used 405321K [0x00000000e0000000, 0x00000000ff980000, 0x0000000100000000)
  eden space 400896K, 100% used [0x00000000e0000000,0x00000000f8780000,0x00000000f8780000)
  from space 56320K, 7% used [0x00000000f8780000,0x00000000f8bd26f8,0x00000000fbe80000)
  to   space 54272K, 0% used [0x00000000fc480000,0x00000000fc480000,0x00000000ff980000)
 ParOldGen       total 295424K, used 162845K [0x00000000a0000000, 0x00000000b2080000, 0x00000000e0000000)
  object space 295424K, 55% used [0x00000000a0000000,0x00000000a9f076b8,0x00000000b2080000)
 Metaspace       used 122591K, capacity 127072K, committed 130124K, reserved 1163264K
  class space    used 15013K, capacity 15980K, committed 16768K, reserved 1048576K
Event: 5876.734 GC heap after
Heap after GC invocations=45 (full 5):
 PSYoungGen      total 464896K, used 7546K [0x00000000e0000000, 0x00000000ff800000, 0x0000000100000000)
  eden space 412160K, 0% used [0x00000000e0000000,0x00000000e0000000,0x00000000f9280000)
  from space 52736K, 14% used [0x00000000fc480000,0x00000000fcbde850,0x00000000ff800000)
  to   space 51200K, 0% used [0x00000000f9280000,0x00000000f9280000,0x00000000fc480000)
 ParOldGen       total 295424K, used 165367K [0x00000000a0000000, 0x00000000b2080000, 0x00000000e0000000)
  object space 295424K, 55% used [0x00000000a0000000,0x00000000aa17deb0,0x00000000b2080000)
 Metaspace       used 122591K, capacity 127072K, committed 130124K, reserved 1163264K
  class space    used 15013K, capacity 15980K, committed 16768K, reserved 1048576K
}
Event: 5878.055 GC heap before
{Heap before GC invocations=46 (full 5):
 PSYoungGen      total 464896K, used 419706K [0x00000000e0000000, 0x00000000ff800000, 0x0000000100000000)
  eden space 412160K, 100% used [0x00000000e0000000,0x00000000f9280000,0x00000000f9280000)
  from space 52736K, 14% used [0x00000000fc480000,0x00000000fcbde850,0x00000000ff800000)
  to   space 51200K, 0% used [0x00000000f9280000,0x00000000f9280000,0x00000000fc480000)
 ParOldGen       total 295424K, used 165367K [0x00000000a0000000, 0x00000000b2080000, 0x00000000e0000000)
  object space 295424K, 55% used [0x00000000a0000000,0x00000000aa17deb0,0x00000000b2080000)
 Metaspace       used 122608K, capacity 127072K, committed 130124K, reserved 1163264K
  class space    used 15014K, capacity 15980K, committed 16768K, reserved 1048576K
Event: 5878.069 GC heap after
Heap after GC invocations=46 (full 5):
 PSYoungGen      total 463360K, used 4946K [0x00000000e0000000, 0x00000000ffa80000, 0x0000000100000000)
  eden space 412160K, 0% used [0x00000000e0000000,0x00000000e0000000,0x00000000f9280000)
  from space 51200K, 9% used [0x00000000f9280000,0x00000000f9754b78,0x00000000fc480000)
  to   space 49152K, 0% used [0x00000000fca80000,0x00000000fca80000,0x00000000ffa80000)
 ParOldGen       total 295424K, used 167985K [0x00000000a0000000, 0x00000000b2080000, 0x00000000e0000000)
  object space 295424K, 56% used [0x00000000a0000000,0x00000000aa40c720,0x00000000b2080000)
 Metaspace       used 122608K, capacity 127072K, committed 130124K, reserved 1163264K
  class space    used 15014K, capacity 15980K, committed 16768K, reserved 1048576K
}
Event: 5881.859 GC heap before
{Heap before GC invocations=47 (full 5):
 PSYoungGen      total 463360K, used 417106K [0x00000000e0000000, 0x00000000ffa80000, 0x0000000100000000)
  eden space 412160K, 100% used [0x00000000e0000000,0x00000000f9280000,0x00000000f9280000)
  from space 51200K, 9% used [0x00000000f9280000,0x00000000f9754b78,0x00000000fc480000)
  to   space 49152K, 0% used [0x00000000fca80000,0x00000000fca80000,0x00000000ffa80000)
 ParOldGen       total 295424K, used 167985K [0x00000000a0000000, 0x00000000b2080000, 0x00000000e0000000)
  object space 295424K, 56% used [0x00000000a0000000,0x00000000aa40c720,0x00000000b2080000)
 Metaspace       used 122791K, capacity 127320K, committed 130124K, reserved 1163264K
  class space    used 15025K, capacity 15990K, committed 16768K, reserved 1048576K
Event: 5881.865 GC heap after
Heap after GC invocations=47 (full 5):
 PSYoungGen      total 471040K, used 256K [0x00000000e0000000, 0x00000000ffb00000, 0x0000000100000000)
  eden space 421888K, 0% used [0x00000000e0000000,0x00000000e0000000,0x00000000f9c00000)
  from space 49152K, 0% used [0x00000000fca80000,0x00000000fcac0000,0x00000000ffa80000)
  to   space 47616K, 0% used [0x00000000f9c00000,0x00000000f9c00000,0x00000000fca80000)
 ParOldGen       total 295424K, used 168697K [0x00000000a0000000, 0x00000000b2080000, 0x00000000e0000000)
  object space 295424K, 57% used [0x00000000a0000000,0x00000000aa4be760,0x00000000b2080000)
 Metaspace       used 122791K, capacity 127320K, committed 130124K, reserved 1163264K
  class space    used 15025K, capacity 15990K, committed 16768K, reserved 1048576K
}
Event: 5892.993 GC heap before
{Heap before GC invocations=48 (full 5):
 PSYoungGen      total 471040K, used 422144K [0x00000000e0000000, 0x00000000ffb00000, 0x0000000100000000)
  eden space 421888K, 100% used [0x00000000e0000000,0x00000000f9c00000,0x00000000f9c00000)
  from space 49152K, 0% used [0x00000000fca80000,0x00000000fcac0000,0x00000000ffa80000)
  to   space 47616K, 0% used [0x00000000f9c00000,0x00000000f9c00000,0x00000000fca80000)
 ParOldGen       total 295424K, used 168697K [0x00000000a0000000, 0x00000000b2080000, 0x00000000e0000000)
  object space 295424K, 57% used [0x00000000a0000000,0x00000000aa4be760,0x00000000b2080000)
 Metaspace       used 123467K, capacity 128030K, committed 130380K, reserved 1163264K
  class space    used 15083K, capacity 16077K, committed 16768K, reserved 1048576K
Event: 5893.139 GC heap after
Heap after GC invocations=48 (full 5):
 PSYoungGen      total 469504K, used 47590K [0x00000000e0000000, 0x0000000100000000, 0x0000000100000000)
  eden space 421888K, 0% used [0x00000000e0000000,0x00000000e0000000,0x00000000f9c00000)
  from space 47616K, 99% used [0x00000000f9c00000,0x00000000fca79ab8,0x00000000fca80000)
  to   space 54784K, 0% used [0x00000000fca80000,0x00000000fca80000,0x0000000100000000)
 ParOldGen       total 295424K, used 234000K [0x00000000a0000000, 0x00000000b2080000, 0x00000000e0000000)
  object space 295424K, 79% used [0x00000000a0000000,0x00000000ae4842b0,0x00000000b2080000)
 Metaspace       used 123467K, capacity 128030K, committed 130380K, reserved 1163264K
  class space    used 15083K, capacity 16077K, committed 16768K, reserved 1048576K
}

Deoptimization events (10 events):
Event: 5894.387 Thread 0x000000001edbf000 Uncommon trap: reason=class_check action=maybe_recompile pc=0x000000000683d514 method=org.gradle.api.internal.file.RelativePathSpec.isSatisfiedBy(Ljava/lang/Object;)Z @ 2
Event: 5894.387 Thread 0x000000001edbf000 Uncommon trap: reason=class_check action=maybe_recompile pc=0x0000000005b2142c method=org.gradle.api.internal.file.RelativePathSpec.isSatisfiedBy(Ljava/lang/Object;)Z @ 2
Event: 5894.387 Thread 0x000000001edbf000 Uncommon trap: reason=class_check action=maybe_recompile pc=0x000000000683d514 method=org.gradle.api.internal.file.RelativePathSpec.isSatisfiedBy(Ljava/lang/Object;)Z @ 2
Event: 5894.409 Thread 0x000000001fef6800 Uncommon trap: reason=class_check action=maybe_recompile pc=0x0000000003529e88 method=java.util.Spliterators$1Adapter.hasNext()Z @ 12
Event: 5894.409 Thread 0x000000001feef000 Uncommon trap: reason=class_check action=maybe_recompile pc=0x0000000003529e88 method=java.util.Spliterators$1Adapter.hasNext()Z @ 12
Event: 5894.410 Thread 0x000000001feef000 Uncommon trap: reason=class_check action=maybe_recompile pc=0x0000000003529e88 method=java.util.Spliterators$1Adapter.hasNext()Z @ 12
Event: 5894.411 Thread 0x000000001feef000 Uncommon trap: reason=class_check action=maybe_recompile pc=0x0000000003529e88 method=java.util.Spliterators$1Adapter.hasNext()Z @ 12
Event: 5894.634 Thread 0x000000001fef8000 Uncommon trap: reason=unloaded action=reinterpret pc=0x0000000007590e58 method=com.android.tools.r8.code.BaseInstructionFactory.create(IILcom/android/tools/r8/code/BytecodeStream;Lcom/android/tools/r8/graph/OffsetToObjectMapping;)Lcom/android/tools/r8/cod
Event: 5894.709 Thread 0x000000001fef8000 Uncommon trap: reason=unstable_if action=reinterpret pc=0x000000000834fa98 method=com.android.tools.r8.code.InstructionFactory.readSequenceFrom(Ljava/nio/ShortBuffer;IILcom/android/tools/r8/graph/OffsetToObjectMapping;)[Lcom/android/tools/r8/code/Instruct
Event: 5894.772 Thread 0x000000001fef1000 Uncommon trap: reason=unstable_if action=reinterpret pc=0x0000000008343368 method=com.android.tools.r8.graph.DexProto.computeEquals(Ljava/lang/Object;)Z @ 37

Classes redefined (0 events):
No events

Internal exceptions (10 events):
Event: 5889.552 Thread 0x000000001edbf000 Exception <a 'sun/nio/fs/WindowsException'> (0x00000000e3b4a700) thrown at [D:\src\AOSP-openjdk-cygwin\jdk8u\hotspot\src\share\vm\prims\jni.cpp, line 709]
Event: 5890.011 Thread 0x000000001fef4800 Implicit null exception at 0x000000000381726f to 0x0000000003817361
Event: 5890.011 Thread 0x000000001fef2000 Implicit null exception at 0x000000000381726f to 0x0000000003817361
Event: 5891.567 Thread 0x000000001edbf000 Implicit null exception at 0x000000000700b56a to 0x000000000700b7cd
Event: 5892.061 Thread 0x000000001edbf000 Implicit null exception at 0x000000000747f694 to 0x000000000747fd51
Event: 5892.408 Thread 0x000000001fef2000 Implicit null exception at 0x000000000784327c to 0x0000000007843a7d
Event: 5892.513 Thread 0x000000001fef2000 Exception <a 'sun/nio/fs/WindowsException'> (0x00000000f3237ce8) thrown at [D:\src\AOSP-openjdk-cygwin\jdk8u\hotspot\src\share\vm\prims\jni.cpp, line 709]
Event: 5893.989 Thread 0x000000001fef3800 Exception <a 'sun/nio/fs/WindowsException'> (0x00000000e3ac0840) thrown at [D:\src\AOSP-openjdk-cygwin\jdk8u\hotspot\src\share\vm\prims\jni.cpp, line 709]
Event: 5894.426 Thread 0x000000001fef6800 Exception <a 'sun/nio/fs/WindowsException'> (0x00000000e44abc50) thrown at [D:\src\AOSP-openjdk-cygwin\jdk8u\hotspot\src\share\vm\prims\jni.cpp, line 709]
Event: 5894.866 Thread 0x000000001feef000 Exception <a 'sun/nio/fs/WindowsException'> (0x00000000ea02b9e8) thrown at [D:\src\AOSP-openjdk-cygwin\jdk8u\hotspot\src\share\vm\prims\jni.cpp, line 709]

Events (10 events):
Event: 5895.125 Thread 0x000000001fef8000 DEOPT PACKING pc=0x0000000003558738 sp=0x0000000032aded80
Event: 5895.125 Thread 0x000000001fef8000 DEOPT UNPACKING pc=0x0000000002a875d0 sp=0x0000000032adeb20 mode 0
Event: 5895.126 Thread 0x000000001fef8000 DEOPT PACKING pc=0x000000000810ed5a sp=0x0000000032adee70
Event: 5895.126 Thread 0x000000001fef8000 DEOPT UNPACKING pc=0x0000000002a875d0 sp=0x0000000032adecb8 mode 0
Event: 5895.128 Thread 0x000000001fef8000 DEOPT PACKING pc=0x0000000003558738 sp=0x0000000032aded80
Event: 5895.128 Thread 0x000000001fef8000 DEOPT UNPACKING pc=0x0000000002a875d0 sp=0x0000000032adeb20 mode 0
Event: 5895.129 Thread 0x000000001fef1000 DEOPT PACKING pc=0x00000000077bc2dd sp=0x0000000032bded60
Event: 5895.129 Thread 0x000000001fef1000 DEOPT UNPACKING pc=0x0000000002a875d0 sp=0x0000000032bdea70 mode 0
Event: 5895.129 Thread 0x000000001fef8000 DEOPT PACKING pc=0x000000000810ed5a sp=0x0000000032adee70
Event: 5895.129 Thread 0x000000001fef8000 DEOPT UNPACKING pc=0x0000000002a875d0 sp=0x0000000032adecb8 mode 0


Dynamic libraries:
0x00007ff6dbbe0000 - 0x00007ff6dbc11000 	C:\Program Files\Android\Android Studio\jre\bin\java.exe
0x00007ff8ba330000 - 0x00007ff8ba511000 	C:\WINDOWS\SYSTEM32\ntdll.dll
0x00007ff8b9100000 - 0x00007ff8b91b2000 	C:\WINDOWS\System32\KERNEL32.DLL
0x00007ff8b6750000 - 0x00007ff8b69c3000 	C:\WINDOWS\System32\KERNELBASE.dll
0x00007ff8b94b0000 - 0x00007ff8b9551000 	C:\WINDOWS\System32\ADVAPI32.dll
0x00007ff8b9270000 - 0x00007ff8b930e000 	C:\WINDOWS\System32\msvcrt.dll
0x00007ff8b9210000 - 0x00007ff8b926b000 	C:\WINDOWS\System32\sechost.dll
0x00007ff8b9e70000 - 0x00007ff8b9f94000 	C:\WINDOWS\System32\RPCRT4.dll
0x00007ff8b7a30000 - 0x00007ff8b7bc0000 	C:\WINDOWS\System32\USER32.dll
0x00007ff8b6da0000 - 0x00007ff8b6dc0000 	C:\WINDOWS\System32\win32u.dll
0x00007ff8b91e0000 - 0x00007ff8b9208000 	C:\WINDOWS\System32\GDI32.dll
0x00007ff8b7620000 - 0x00007ff8b77b2000 	C:\WINDOWS\System32\gdi32full.dll
0x00007ff8b6e70000 - 0x00007ff8b6f0f000 	C:\WINDOWS\System32\msvcp_win.dll
0x00007ff8b6bc0000 - 0x00007ff8b6cba000 	C:\WINDOWS\System32\ucrtbase.dll
0x00007ff8abdc0000 - 0x00007ff8ac029000 	C:\WINDOWS\WinSxS\amd64_microsoft.windows.common-controls_6595b64144ccf1df_6.0.17134.285_none_fb4297e330656775\COMCTL32.dll
0x00007ff8b9fb0000 - 0x00007ff8ba2d3000 	C:\WINDOWS\System32\combase.dll
0x00007ff8b6d20000 - 0x00007ff8b6d9a000 	C:\WINDOWS\System32\bcryptPrimitives.dll
0x00007ff8b7bc0000 - 0x00007ff8b7bed000 	C:\WINDOWS\System32\IMM32.DLL
0x0000000063a20000 - 0x0000000063af2000 	C:\Program Files\Android\Android Studio\jre\jre\bin\msvcr100.dll
0x0000000062f70000 - 0x00000000637af000 	C:\Program Files\Android\Android Studio\jre\jre\bin\server\jvm.dll
0x00007ff8b9fa0000 - 0x00007ff8b9fa8000 	C:\WINDOWS\System32\PSAPI.DLL
0x00007ff89f250000 - 0x00007ff89f259000 	C:\WINDOWS\SYSTEM32\WSOCK32.dll
0x00007ff8b2790000 - 0x00007ff8b27b3000 	C:\WINDOWS\SYSTEM32\WINMM.dll
0x00007ff8b9ba0000 - 0x00007ff8b9c0c000 	C:\WINDOWS\System32\WS2_32.dll
0x00007ff8b2760000 - 0x00007ff8b278a000 	C:\WINDOWS\SYSTEM32\winmmbase.dll
0x00007ff8b6700000 - 0x00007ff8b6749000 	C:\WINDOWS\System32\cfgmgr32.dll
0x00007ff8aee90000 - 0x00007ff8aee9a000 	C:\WINDOWS\SYSTEM32\VERSION.dll
0x00007ff8b3580000 - 0x00007ff8b358f000 	C:\Program Files\Android\Android Studio\jre\jre\bin\verify.dll
0x00007ff8a6530000 - 0x00007ff8a6559000 	C:\Program Files\Android\Android Studio\jre\jre\bin\java.dll
0x00007ff8b3560000 - 0x00007ff8b3576000 	C:\Program Files\Android\Android Studio\jre\jre\bin\zip.dll
0x00007ff8b7cc0000 - 0x00007ff8b9100000 	C:\WINDOWS\System32\SHELL32.dll
0x00007ff8b9560000 - 0x00007ff8b9609000 	C:\WINDOWS\System32\shcore.dll
0x00007ff8b6f10000 - 0x00007ff8b761d000 	C:\WINDOWS\System32\windows.storage.dll
0x00007ff8b9670000 - 0x00007ff8b96c1000 	C:\WINDOWS\System32\shlwapi.dll
0x00007ff8b66d0000 - 0x00007ff8b66e1000 	C:\WINDOWS\System32\kernel.appcore.dll
0x00007ff8b66b0000 - 0x00007ff8b66cf000 	C:\WINDOWS\System32\profapi.dll
0x00007ff8b6640000 - 0x00007ff8b668c000 	C:\WINDOWS\System32\powrprof.dll
0x00007ff8b66f0000 - 0x00007ff8b66fa000 	C:\WINDOWS\System32\FLTLIB.DLL
0x00007ff8b0120000 - 0x00007ff8b013a000 	C:\Program Files\Android\Android Studio\jre\jre\bin\net.dll
0x00007ff8b5ec0000 - 0x00007ff8b5f26000 	C:\WINDOWS\system32\mswsock.dll
0x00007ff8ac390000 - 0x00007ff8ac3a1000 	C:\Program Files\Android\Android Studio\jre\jre\bin\nio.dll
0x00007ff8a5f20000 - 0x00007ff8a5f3e000 	C:\Users\USER\.gradle\native\25\windows-amd64\native-platform.dll
0x00007ff8b34c0000 - 0x00007ff8b34cd000 	C:\Program Files\Android\Android Studio\jre\jre\bin\management.dll
0x00007ff8b6080000 - 0x00007ff8b6097000 	C:\WINDOWS\SYSTEM32\CRYPTSP.dll
0x00007ff8b5aa0000 - 0x00007ff8b5ad3000 	C:\WINDOWS\system32\rsaenh.dll
0x00007ff8b61a0000 - 0x00007ff8b61c5000 	C:\WINDOWS\SYSTEM32\bcrypt.dll
0x00007ff8b6570000 - 0x00007ff8b6598000 	C:\WINDOWS\SYSTEM32\USERENV.dll
0x00007ff8b6070000 - 0x00007ff8b607b000 	C:\WINDOWS\SYSTEM32\CRYPTBASE.dll
0x00007ff8b5c40000 - 0x00007ff8b5c78000 	C:\WINDOWS\SYSTEM32\IPHLPAPI.DLL
0x00007ff8b91c0000 - 0x00007ff8b91c8000 	C:\WINDOWS\System32\NSI.dll
0x00007ff8afc20000 - 0x00007ff8afc36000 	C:\WINDOWS\SYSTEM32\dhcpcsvc6.DLL
0x00007ff8afd70000 - 0x00007ff8afd8a000 	C:\WINDOWS\SYSTEM32\dhcpcsvc.DLL
0x00007ff8a6500000 - 0x00007ff8a6524000 	C:\Program Files\Android\Android Studio\jre\jre\bin\sunec.dll
0x00007ff8b5c80000 - 0x00007ff8b5d3e000 	C:\WINDOWS\SYSTEM32\DNSAPI.dll
0x00007ff8a2fa0000 - 0x00007ff8a2faa000 	C:\Windows\System32\rasadhlp.dll
0x00007ff8a47e0000 - 0x00007ff8a4852000 	C:\WINDOWS\System32\fwpuclnt.dll
0x00007ff8b0100000 - 0x00007ff8b010b000 	C:\Program Files\Android\Android Studio\jre\jre\bin\sunmscapi.dll
0x00007ff8b69d0000 - 0x00007ff8b6bb2000 	C:\WINDOWS\System32\CRYPT32.dll
0x00007ff8b6690000 - 0x00007ff8b66a2000 	C:\WINDOWS\System32\MSASN1.dll
0x00007ff8b49c0000 - 0x00007ff8b4a4b000 	C:\WINDOWS\system32\apphelp.dll
0x00007ff8b5730000 - 0x00007ff8b5761000 	C:\WINDOWS\SYSTEM32\ntmarta.dll

VM Arguments:
jvm_args: -Xmx1536m -Dfile.encoding=windows-1250 -Duser.country=PL -Duser.language=pl -Duser.variant 
java_command: org.gradle.launcher.daemon.bootstrap.GradleDaemon 4.6
java_class_path (initial): C:\Users\USER\.gradle\wrapper\dists\gradle-4.6-all\bcst21l2brirad8k2ben1letg\gradle-4.6\lib\gradle-launcher-4.6.jar
Launcher Type: SUN_STANDARD

Environment Variables:
JAVA_HOME=C:\Program Files\Java/jdk1.8.0_131
USERNAME=ART_F
OS=Windows_NT
PROCESSOR_IDENTIFIER=Intel64 Family 6 Model 58 Stepping 9, GenuineIntel



---------------  S Y S T E M  ---------------

OS: Windows 10.0 , 64 bit Build 17134 (10.0.17134.1)

CPU:total 4 (initial active 4) (2 cores per cpu, 2 threads per core) family 6 model 58 stepping 9, cmov, cx8, fxsr, mmx, sse, sse2, sse3, ssse3, sse4.1, sse4.2, popcnt, avx, aes, clmul, erms, ht, tsc, tscinvbit, tscinv

Memory: 4k page, physical 12477216k(3284800k free), swap 13001504k(5612k free)

vm_info: OpenJDK 64-Bit Server VM (25.152-b02) for windows-amd64 JRE (1.8.0_152-release-1024-b02), built by "builder" with MS VC++ 10.0 (VS2010)

time: Sat Oct 06 17:41:44 2018
elapsed time: 5895 seconds (0d 1h 38m 15s)

